<?xml version="1.0" encoding="UTF-8"?>
<coverage generated="1744206480256" clover="3.2.0">
  <project timestamp="1744206480257" name="All files">
    <metrics statements="15" coveredstatements="0" conditionals="8" coveredconditionals="0" methods="7" coveredmethods="0" elements="30" coveredelements="0" complexity="0" loc="15" ncloc="15" packages="1" files="1" classes="1"/>
    <file name="AddProductForm.jsx" path="/home/alexandraelee9/sandwich-sales-tracker/data-project-1/frontend/src/components/AddProductForm.jsx">
      <metrics statements="15" coveredstatements="0" conditionals="8" coveredconditionals="0" methods="7" coveredmethods="0"/>
      <line num="6" count="0" type="stmt"/>
      <line num="13" count="0" type="stmt"/>
      <line num="15" count="0" type="stmt"/>
      <line num="16" count="0" type="stmt"/>
      <line num="17" count="0" type="stmt"/>
      <line num="23" count="0" type="stmt"/>
      <line num="24" count="0" type="stmt"/>
      <line num="25" count="0" type="stmt"/>
      <line num="31" count="0" type="cond" truecount="0" falsecount="2"/>
      <line num="32" count="0" type="stmt"/>
      <line num="35" count="0" type="stmt"/>
      <line num="36" count="0" type="stmt"/>
      <line num="37" count="0" type="stmt"/>
      <line num="40" count="0" type="stmt"/>
      <line num="43" count="0" type="stmt"/>
    </file>
  </project>
</coverage>
