{"/home/alexandraelee9/sandwich-sales-tracker/data-project-1/frontend/src/components/AddProductForm.jsx": {"path":"/home/alexandraelee9/sandwich-sales-tracker/data-project-1/frontend/src/components/AddProductForm.jsx","statementMap":{"0":{"start":{"line":6,"column":34},"end":{"line":11,"column":4}},"1":{"start":{"line":13,"column":32},"end":{"line":13,"column":44}},"2":{"start":{"line":15,"column":23},"end":{"line":21,"column":3}},"3":{"start":{"line":16,"column":28},"end":{"line":16,"column":36}},"4":{"start":{"line":17,"column":4},"end":{"line":20,"column":8}},"5":{"start":{"line":17,"column":25},"end":{"line":20,"column":5}},"6":{"start":{"line":23,"column":23},"end":{"line":41,"column":3}},"7":{"start":{"line":24,"column":4},"end":{"line":24,"column":23}},"8":{"start":{"line":25,"column":4},"end":{"line":40,"column":55}},"9":{"start":{"line":31,"column":6},"end":{"line":31,"column":60}},"10":{"start":{"line":31,"column":19},"end":{"line":31,"column":60}},"11":{"start":{"line":32,"column":6},"end":{"line":32,"column":24}},"12":{"start":{"line":35,"column":8},"end":{"line":35,"column":39}},"13":{"start":{"line":36,"column":8},"end":{"line":36,"column":80}},"14":{"start":{"line":37,"column":8},"end":{"line":37,"column":25}},"15":{"start":{"line":40,"column":17},"end":{"line":40,"column":53}},"16":{"start":{"line":43,"column":2},"end":{"line":81,"column":4}}},"fnMap":{"0":{"name":"AddProductForm","decl":{"start":{"line":5,"column":9},"end":{"line":5,"column":23}},"loc":{"start":{"line":5,"column":44},"end":{"line":82,"column":1}},"line":5},"1":{"name":"(anonymous_1)","decl":{"start":{"line":15,"column":23},"end":{"line":15,"column":24}},"loc":{"start":{"line":15,"column":30},"end":{"line":21,"column":3}},"line":15},"2":{"name":"(anonymous_2)","decl":{"start":{"line":17,"column":16},"end":{"line":17,"column":17}},"loc":{"start":{"line":17,"column":25},"end":{"line":20,"column":5}},"line":17},"3":{"name":"(anonymous_3)","decl":{"start":{"line":23,"column":23},"end":{"line":23,"column":24}},"loc":{"start":{"line":23,"column":30},"end":{"line":41,"column":3}},"line":23},"4":{"name":"(anonymous_4)","decl":{"start":{"line":30,"column":10},"end":{"line":30,"column":11}},"loc":{"start":{"line":30,"column":17},"end":{"line":33,"column":5}},"line":30},"5":{"name":"(anonymous_5)","decl":{"start":{"line":34,"column":10},"end":{"line":34,"column":11}},"loc":{"start":{"line":34,"column":16},"end":{"line":38,"column":7}},"line":34},"6":{"name":"(anonymous_6)","decl":{"start":{"line":40,"column":11},"end":{"line":40,"column":12}},"loc":{"start":{"line":40,"column":17},"end":{"line":40,"column":53}},"line":40}},"branchMap":{"0":{"loc":{"start":{"line":19,"column":14},"end":{"line":19,"column":74}},"type":"cond-expr","locations":[{"start":{"line":19,"column":53},"end":{"line":19,"column":66}},{"start":{"line":19,"column":69},"end":{"line":19,"column":74}}],"line":19},"1":{"loc":{"start":{"line":19,"column":14},"end":{"line":19,"column":50}},"type":"binary-expr","locations":[{"start":{"line":19,"column":14},"end":{"line":19,"column":30}},{"start":{"line":19,"column":34},"end":{"line":19,"column":50}}],"line":19},"2":{"loc":{"start":{"line":31,"column":6},"end":{"line":31,"column":60}},"type":"if","locations":[{"start":{"line":31,"column":6},"end":{"line":31,"column":60}},{"start":{},"end":{}}],"line":31},"3":{"loc":{"start":{"line":79,"column":7},"end":{"line":79,"column":34}},"type":"binary-expr","locations":[{"start":{"line":79,"column":7},"end":{"line":79,"column":14}},{"start":{"line":79,"column":18},"end":{"line":79,"column":34}}],"line":79}},"s":{"0":0,"1":0,"2":0,"3":0,"4":0,"5":0,"6":0,"7":0,"8":0,"9":0,"10":0,"11":0,"12":0,"13":0,"14":0,"15":0,"16":0},"f":{"0":0,"1":0,"2":0,"3":0,"4":0,"5":0,"6":0},"b":{"0":[0,0],"1":[0,0],"2":[0,0],"3":[0,0]},"_coverageSchema":"1a1c01bbd47fc00a2c39e90264f33305004495a9","hash":"f32aa671c836619710532727d3aa35c732a08add"}
}
