TN:
SF:src/components/AddProductForm.jsx
FN:5,AddProductForm
FN:15,(anonymous_1)
FN:17,(anonymous_2)
FN:23,(anonymous_3)
FN:30,(anonymous_4)
FN:34,(anonymous_5)
FN:40,(anonymous_6)
FNF:7
FNH:0
FNDA:0,AddProductForm
FNDA:0,(anonymous_1)
FNDA:0,(anonymous_2)
FNDA:0,(anonymous_3)
FNDA:0,(anonymous_4)
FNDA:0,(anonymous_5)
FNDA:0,(anonymous_6)
DA:6,0
DA:13,0
DA:15,0
DA:16,0
DA:17,0
DA:23,0
DA:24,0
DA:25,0
DA:31,0
DA:32,0
DA:35,0
DA:36,0
DA:37,0
DA:40,0
DA:43,0
LF:15
LH:0
BRDA:19,0,0,0
BRDA:19,0,1,0
BRDA:19,1,0,0
BRDA:19,1,1,0
BRDA:31,2,0,0
BRDA:31,2,1,0
BRDA:79,3,0,0
BRDA:79,3,1,0
BRF:8
BRH:0
end_of_record
